<?xml version="1.0" encoding="UTF-8"?>
<!-- Generated by org.testng.reporters.JUnitReportReporter -->
<testsuite hostname="Sagar-PC" failures="2" tests="3" name="runners.TestrunnerFB" time="210.002" errors="0" timestamp="2026-01-12T15:53:19 IST" skipped="0">
  <testcase classname="runners.TestrunnerFB" name="runScenario" time="69.589"/>
  <system-out/>
  <testcase classname="runners.TestrunnerFB" name="runScenario" time="69.722">
    <failure message="expected [The email address or mobile number you entered isn&#039;t connected to an account. Find your account and log in.] but found [test]" type="java.lang.AssertionError">
      <![CDATA[java.lang.AssertionError: expected [The email address or mobile number you entered isn't connected to an account. Find your account and log in.] but found [test]
at org.testng.Assert.fail(Assert.java:110)
at org.testng.Assert.failNotEquals(Assert.java:1413)
at org.testng.Assert.assertEqualsImpl(Assert.java:149)
at org.testng.Assert.assertEquals(Assert.java:131)
at org.testng.Assert.assertEquals(Assert.java:655)
at org.testng.Assert.assertEquals(Assert.java:665)
at pages.FBlogin.geterrormsg(FBlogin.java:51)
at stepdefinitions.FBloginsteps.error_appears(FBloginsteps.java:68)
at ✽.Error appears(file:///C:/Users/Sagar/eclipse-workspace/cucumber_practice/src/test/resources/Features/FBlogin.feature:15)
]]>
    </failure>
  </testcase> <!-- runScenario -->
  <system-out/>
  <testcase classname="runners.TestrunnerFB" name="runScenario" time="70.691">
    <failure message="expected [The email address or mobile number you entered isn&#039;t connected to an account. Find your account and log in.] but found [test]" type="java.lang.AssertionError">
      <![CDATA[java.lang.AssertionError: expected [The email address or mobile number you entered isn't connected to an account. Find your account and log in.] but found [test]
at org.testng.Assert.fail(Assert.java:110)
at org.testng.Assert.failNotEquals(Assert.java:1413)
at org.testng.Assert.assertEqualsImpl(Assert.java:149)
at org.testng.Assert.assertEquals(Assert.java:131)
at org.testng.Assert.assertEquals(Assert.java:655)
at org.testng.Assert.assertEquals(Assert.java:665)
at pages.FBlogin.geterrormsg(FBlogin.java:51)
at stepdefinitions.FBloginsteps.error_appears(FBloginsteps.java:68)
at ✽.Error appears(file:///C:/Users/Sagar/eclipse-workspace/cucumber_practice/src/test/resources/Features/FBlogin.feature:15)
]]>
    </failure>
  </testcase> <!-- runScenario -->
  <system-out/>
</testsuite> <!-- runners.TestrunnerFB -->
